📖 Reading CSV...
Found 825 Standard Ebooks entries
Processing 825 books (8 priority first)

[   9/825] ✓ the-red-house-mystery — 22 chapters, 60,757 words
[  10/825] ✓ winnie-the-pooh — 11 chapters, 22,925 words
[  11/825] ✓ the-pursuit-of-god — 12 chapters, 28,967 words
[  12/825] ✓ the-theory-of-moral-sentiments — 67 chapters, 161,449 words
[  13/825] ✓ the-wealth-of-nations — 42 chapters, 394,761 words
[  14/825] ✓ agamemnon — 4 chapters, 17,621 words
[  15/825] ✓ the-eumenides — 3 chapters, 12,066 words
[  16/825] ✓ the-libation-bearers — 3 chapters, 11,462 words
[  17/825] ✓ fables — 2 chapters, 38,856 words
[  18/825] ✓ poirot-investigates — 11 chapters, 53,063 words
[  19/825] ✓ the-big-four — 18 chapters, 56,076 words
[  20/825] ✓ the-man-in-the-brown-suit — 37 chapters, 75,733 words
[  21/825] ✓ the-murder-of-roger-ackroyd — 27 chapters, 70,382 words
[  22/825] ✓ the-murder-on-the-links — 28 chapters, 65,322 words
[  23/825] ✓ the-mysterious-affair-at-styles — 13 chapters, 57,113 words
[  24/825] ✓ the-mystery-of-the-blue-train — 36 chapters, 70,614 words
[  25/825] ✓ the-secret-adversary — 29 chapters, 75,967 words
[  26/825] ✓ the-secret-of-chimneys — 31 chapters, 75,057 words
[  27/825] ✓ the-seven-dials-mystery — 34 chapters, 65,974 words
[  28/825] ✓ antic-hay — 23 chapters, 89,233 words
[  29/825] ✓ crome-yellow — 31 chapters, 57,662 words
[  30/825] ✓ point-counter-point — 37 chapters, 173,117 words
[  31/825] ✓ those-barren-leaves — 48 chapters, 123,702 words
[  32/825] ✓ the-federalist-papers — 87 chapters, 193,840 words
[  33/825] ✓ eugene-onegin — 10 chapters, 34,083 words
[  34/825] ✓ the-black-tulip — 33 chapters, 73,604 words
[  35/825] ✓ the-count-of-monte-cristo — 117 chapters, 462,561 words
[  36/825] ✓ the-three-musketeers — 69 chapters, 229,967 words
[  37/825] ✓ the-vicomte-de-bragelonne — 274 chapters, 715,603 words
[  38/825] ✓ twenty-years-after — 90 chapters, 242,420 words
[  39/825] ✓ idylls-of-the-king — 12 chapters, 72,543 words
[  40/825] ✓ penguin-island — 69 chapters, 84,436 words
[  41/825] ✓ the-revolt-of-the-angels — 35 chapters, 72,601 words
[  42/825] ✓ key-out-of-time — 19 chapters, 57,707 words
[  43/825] ✓ plague-ship — 19 chapters, 61,330 words
[  44/825] ✓ ralestone-luck — 19 chapters, 59,543 words
[  45/825] ✓ short-fiction — 4 chapters, 24,315 words
[  46/825] ✓ star-born — 19 chapters, 62,612 words
[  47/825] ✓ star-hunter — 14 chapters, 34,363 words
[  48/825] ✓ storm-over-warlock — 19 chapters, 62,454 words
[  49/825] ✓ the-defiant-agents — 19 chapters, 58,527 words
[  50/825] ✓ the-time-traders — 19 chapters, 64,349 words
[  51/825] ✓ voodoo-planet — 9 chapters, 23,962 words
[  52/825] ✓ gentlemen-prefer-blondes — 6 chapters, 38,688 words
[  53/825] ✓ a-sicilian-romance — 17 chapters, 67,686 words
[  54/825] ✓ the-mysteries-of-udolpho — 57 chapters, 289,405 words
[  55/825] ✓ a-voice-from-the-south — 11 chapters, 60,271 words
[  56/825] ✓ black-beauty — 53 chapters, 59,755 words
[  57/825] ✓ agnes-grey — 25 chapters, 68,427 words
[  58/825] ✓ the-tenant-of-wildfell-hall — 54 chapters, 167,578 words
[  59/825] ✓ gudrun — 35 chapters, 79,671 words
[  60/825] ✓ the-nibelungenlied — 40 chapters, 98,731 words
[  61/825] ✓ the-prisoner-of-zenda — 22 chapters, 54,022 words
[  62/825] ✓ barchester-towers — 54 chapters, 199,232 words
[  63/825] ✓ can-you-forgive-her — 81 chapters, 316,821 words
[  64/825] ✓ cousin-henry — 25 chapters, 71,605 words
[  65/825] ✓ doctor-thorne — 48 chapters, 218,273 words
[  66/825] ✓ framley-parsonage — 49 chapters, 209,549 words
[  67/825] ✓ harry-heathcote-of-gangoil — 13 chapters, 40,908 words
[  68/825] ✓ he-knew-he-was-right — 100 chapters, 342,168 words
[  69/825] ✓ orley-farm — 81 chapters, 310,065 words
[  70/825] ✓ phineas-finn — 77 chapters, 263,521 words
[  71/825] ✓ phineas-redux — 81 chapters, 261,678 words
[  72/825] ✓ rachel-ray — 31 chapters, 143,523 words
[  74/825] ✓ the-american-senator — 81 chapters, 208,819 words
[  75/825] ✓ the-claverings — 49 chapters, 208,456 words
[  76/825] ✓ the-dukes-children — 81 chapters, 224,158 words
[  77/825] ✓ the-eustace-diamonds — 81 chapters, 271,372 words
[  78/825] ✓ the-last-chronicle-of-barset — 85 chapters, 345,407 words
[  79/825] ✓ the-prime-minister — 81 chapters, 283,543 words
[  80/825] ✓ the-small-house-at-allington — 61 chapters, 257,988 words
[  81/825] ✓ the-warden — 22 chapters, 72,570 words
[  82/825] ✓ the-way-we-live-now — 101 chapters, 352,863 words
[  83/825] ✓ the-duel — 21 chapters, 40,164 words
[  84/825] ✓ three-sisters — 5 chapters, 21,725 words
[  85/825] ✓ the-argonautica — 5 chapters, 71,102 words
[  86/825] ✓ the-worst-journey-in-the-world — 24 chapters, 239,438 words
[  87/825] ✓ the-golden-ass — 63 chapters, 85,558 words
[  88/825] ✓ nicomachean-ethics — 12 chapters, 92,278 words
[  89/825] ✓ a-study-in-scarlet — 16 chapters, 43,441 words
[  90/825] ✓ his-last-bow — 8 chapters, 59,206 words
[  91/825] ✓ the-adventures-of-sherlock-holmes — 12 chapters, 104,953 words
[  92/825] ✓ the-casebook-of-sherlock-holmes — 13 chapters, 82,881 words
[  93/825] ✓ the-hound-of-the-baskervilles — 15 chapters, 59,289 words
[  94/825] ✓ the-lost-world — 17 chapters, 76,010 words
[  95/825] ✓ the-maracot-deep — 7 chapters, 41,145 words
[  96/825] ✓ the-memoirs-of-sherlock-holmes — 12 chapters, 96,002 words
[  97/825] ✓ the-return-of-sherlock-holmes — 13 chapters, 112,587 words
[  98/825] ✓ the-sign-of-the-four — 12 chapters, 43,205 words
[  99/825] ✓ the-valley-of-fear — 17 chapters, 57,789 words
[ 101/825] ✓ the-hill-of-dreams — 9 chapters, 69,130 words
[ 102/825] ✓ the-secret-glory — 8 chapters, 65,965 words
[ 103/825] ✓ the-three-impostors — 10 chapters, 59,246 words
[ 104/825] ✓ the-inferno — 17 chapters, 45,997 words
[ 105/825] ✓ the-red-room — 30 chapters, 99,435 words
[ 106/825] ✓ el-dorado — 54 chapters, 124,006 words
[ 107/825] ✓ i-will-repay — 32 chapters, 64,379 words
[ 108/825] ✓ lord-tonys-wife — 23 chapters, 90,598 words
[ 109/825] ✓ pimpernel-and-rosemary — 50 chapters, 107,900 words
[ 110/825] ✓ sir-percy-hits-back — 40 chapters, 89,662 words
[ 111/825] ✓ the-elusive-pimpernel — 36 chapters, 84,795 words
[ 112/825] ✓ the-first-sir-percy — 18 chapters, 92,402 words
[ 113/825] ✓ the-laughing-cavalier — 48 chapters, 129,036 words
[ 114/825] ✓ the-league-of-the-scarlet-pimpernel — 12 chapters, 76,159 words
[ 115/825] ✓ the-old-man-in-the-corner — 37 chapters, 70,977 words
[ 116/825] ✓ the-scarlet-pimpernel — 31 chapters, 85,274 words
[ 117/825] ✓ the-triumph-of-the-scarlet-pimpernel — 35 chapters, 91,554 words
[ 119/825] ✓ the-alchemist — 9 chapters, 31,673 words
[ 120/825] ✓ sybil — 79 chapters, 158,667 words
[ 121/825] ✓ the-autobiography-of-benjamin-franklin — 20 chapters, 64,605 words
[ 122/825] ✓ roads-to-freedom — 12 chapters, 50,856 words
[ 123/825] ✓ the-practice-and-theory-of-bolshevism — 19 chapters, 37,110 words
[ 124/825] ✓ the-problems-of-philosophy — 17 chapters, 42,827 words
[ 125/825] ✓ the-autobiography-of-ma-ka-tai-me-she-kia-kiak-or-black-hawk — 13 chapters, 64,199 words
[ 126/825] ✓ up-from-slavery — 19 chapters, 76,483 words
[ 127/825] ✓ alice-adams — 25 chapters, 85,436 words
[ 128/825] ✓ national-avenue — 31 chapters, 100,309 words
[ 129/825] ✓ the-magnificent-ambersons — 35 chapters, 100,893 words
[ 130/825] ✓ the-turmoil — 33 chapters, 91,063 words
[ 131/825] ✓ dracula — 29 chapters, 161,304 words
[ 132/825] ✓ poetry — 56 chapters, 26,754 words
[ 133/825] ✓ the-autobiography-of-calvin-coolidge — 8 chapters, 44,627 words
[ 134/825] ✓ the-adventures-of-pinocchio — 36 chapters, 41,619 words
[ 135/825] ✓ the-origin-of-species — 18 chapters, 200,178 words
[ 136/825] ✓ the-voyage-of-the-beagle — 23 chapters, 197,503 words
[ 137/825] ✓ a-christmas-carol — 6 chapters, 28,641 words
[ 138/825] ✓ a-tale-of-two-cities — 49 chapters, 136,567 words
[ 139/825] ✓ bleak-house — 68 chapters, 355,455 words
[ 140/825] ✓ david-copperfield — 66 chapters, 357,159 words
[ 141/825] ✓ dombey-and-son — 64 chapters, 351,890 words
[ 142/825] ✓ great-expectations — 59 chapters, 185,727 words
[ 143/825] ✓ hard-times — 40 chapters, 103,483 words
[ 144/825] ✓ little-dorrit — 73 chapters, 339,384 words
[ 145/825] ✓ martin-chuzzlewit — 56 chapters, 337,195 words
[ 146/825] ✓ nicholas-nickleby — 67 chapters, 324,561 words
[ 147/825] ✓ oliver-twist — 53 chapters, 157,935 words
[ 148/825] ✓ the-old-curiosity-shop — 74 chapters, 218,840 words
[ 149/825] ✓ the-pickwick-papers — 58 chapters, 301,520 words
[ 150/825] ✓ thus-spake-zarathustra — 85 chapters, 91,671 words
[ 151/825] ✓ the-genealogy-of-morals — 5 chapters, 52,973 words
[ 152/825] ✓ beyond-good-and-evil — 11 chapters, 63,877 words
[ 153/825] ✓ hadrian-the-seventh — 26 chapters, 124,151 words
[ 154/825] ✓ narrative-of-the-life-of-frederick-douglass — 14 chapters, 40,447 words
[ 155/825] ✓ the-tower-treasure — 24 chapters, 41,340 words
[ 156/825] ✓ the-shore-road-mystery — 23 chapters, 39,519 words
[ 157/825] ✓ the-secret-of-the-old-mill — 25 chapters, 40,764 words
[ 158/825] ✓ the-secret-of-the-caves — 25 chapters, 39,982 words
[ 159/825] ✓ melmoth-the-wanderer — 40 chapters, 240,274 words
[ 160/825] ✓ the-water-babies — 9 chapters, 68,400 words
[ 161/825] ✓ the-mystery-of-cabin-island — 25 chapters, 40,499 words
[ 162/825] ✓ the-missing-chums — 23 chapters, 42,277 words
[ 163/825] ✓ the-house-on-the-cliff — 25 chapters, 40,716 words
[ 164/825] ✓ hunting-for-hidden-gold — 24 chapters, 42,355 words
[ 165/825] ✓ mcteague — 23 chapters, 114,961 words
[ 166/825] ✓ the-secret-garden — 27 chapters, 80,991 words
[ 167/825] ✓ little-lord-fauntleroy — 15 chapters, 58,607 words
[ 168/825] ✓ a-little-princess — 20 chapters, 67,429 words
[ 169/825] ✓ the-last-post — 13 chapters, 69,746 words
[ 170/825] ✓ iola-leroy — 36 chapters, 74,590 words
[ 171/825] ✓ the-good-soldier — 23 chapters, 76,069 words
[ 172/825] ✓ some-do-not — 15 chapters, 116,046 words
[ 173/825] ✓ the-fifth-queen — 23 chapters, 75,623 words
[ 174/825] ✓ no-more-parades — 12 chapters, 89,101 words
[ 175/825] ✓ a-man-could-stand-up — 14 chapters, 70,793 words
[ 176/825] ✓ evelina — 85 chapters, 154,233 words
[ 177/825] ✓ bambi — 25 chapters, 40,749 words
[ 178/825] ✓ this-side-of-paradise — 12 chapters, 81,720 words
[ 179/825] ✓ the-beautiful-and-damned — 12 chapters, 125,046 words
[ 180/825] ✓ practical-mysticism — 12 chapters, 33,195 words
[ 181/825] ✓ decline-and-fall — 31 chapters, 60,201 words
[ 182/825] ✓ the-hairy-ape — 11 chapters, 16,438 words
[ 183/825] ✓ a-daughter-of-the-samurai — 35 chapters, 97,163 words
[ 184/825] ✓ the-riddle-of-the-sands — 32 chapters, 109,610 words
[ 185/825] ✓ south — 22 chapters, 147,891 words
[ 186/825] ✓ his-family — 45 chapters, 97,632 words
[ 187/825] ✓ the-sun-also-rises — 22 chapters, 67,755 words
[ 188/825] ✓ a-farewell-to-arms — 46 chapters, 88,706 words
[ 189/825] ✓ all-quiet-on-the-western-front — 12 chapters, 62,888 words
[ 190/825] ✓ discourses — 6 chapters, 121,722 words
[ 191/825] ✓ wuthering-heights — 34 chapters, 116,686 words
[ 192/825] ✓ his-masterpiece — 13 chapters, 144,814 words
[ 193/825] ✓ wired-love — 16 chapters, 51,027 words
[ 194/825] ✓ germinal — 48 chapters, 178,165 words
[ 195/825] ✓ elizabeth-and-her-german-garden — 17 chapters, 48,291 words
[ 196/825] ✓ the-enchanted-april — 22 chapters, 78,960 words
[ 197/825] ✓ north-and-south — 53 chapters, 182,113 words
[ 198/825] ✓ cranford — 17 chapters, 72,548 words
[ 199/825] ✓ the-kalevala — 54 chapters, 137,765 words
[ 200/825] ✓ pollyanna — 32 chapters, 56,879 words
[ 201/825] ✓ pollyanna-grows-up — 32 chapters, 74,490 words
[ 202/825] ✓ flatland — 26 chapters, 35,063 words
[ 203/825] ✓ the-history-of-the-decline-and-fall-of-the-roman-empire — 77 chapters, 1,103,634 words
[ 204/825] ✓ looking-backward — 29 chapters, 76,767 words
[ 205/825] ✓ the-faerie-queene — 9 chapters, 276,264 words
[ 206/825] ✓ so-big — 21 chapters, 86,922 words
[ 207/825] ✓ the-house-of-mirth — 31 chapters, 130,424 words
[ 208/825] ✓ the-age-of-innocence — 36 chapters, 102,207 words
[ 209/825] ✓ summer — 18 chapters, 57,733 words
[ 210/825] ✓ hudson-river-bracketed — 54 chapters, 170,264 words
[ 211/825] ✓ ethan-frome — 12 chapters, 35,903 words
[ 212/825] ✓ thuvia-maid-of-mars — 14 chapters, 45,518 words
[ 213/825] ✓ the-warlord-of-mars — 16 chapters, 57,294 words
[ 214/825] ✓ the-son-of-tarzan — 27 chapters, 95,023 words
[ 215/825] ✓ the-return-of-tarzan — 26 chapters, 89,557 words
[ 216/825] ✓ the-moon-maid — 40 chapters, 125,766 words
[ 217/825] ✓ the-mucker — 38 chapters, 123,867 words
[ 218/825] ✓ the-land-that-time-forgot — 26 chapters, 112,011 words
[ 219/825] ✓ the-gods-of-mars — 23 chapters, 82,494 words
[ 220/825] ✓ the-chessmen-of-mars — 24 chapters, 88,559 words
[ 221/825] ✓ the-beasts-of-tarzan — 21 chapters, 63,647 words
[ 222/825] ✓ tarzan-the-untamed — 24 chapters, 108,953 words
[ 223/825] ✓ tarzan-the-terrible — 27 chapters, 93,718 words
[ 224/825] ✓ tarzan-of-the-apes — 28 chapters, 86,053 words
[ 225/825] ✓ tarzan-and-the-jewels-of-opar — 24 chapters, 66,033 words
[ 226/825] ✓ tarzan-lord-of-the-jungle — 24 chapters, 69,976 words
[ 227/825] ✓ tarzan-and-the-golden-lion — 21 chapters, 80,475 words
[ 228/825] ✓ tarzan-and-the-ant-men — 22 chapters, 78,041 words
[ 229/825] ✓ pellucidar — 18 chapters, 58,096 words
[ 230/825] ✓ jungle-tales-of-tarzan — 12 chapters, 74,363 words
[ 231/825] ✓ at-the-earths-core — 17 chapters, 50,213 words
[ 232/825] ✓ beyond-thirty — 10 chapters, 38,416 words
[ 233/825] ✓ spoon-river-anthology — 6 chapters, 38,977 words
[ 234/825] ✓ a-princess-of-mars — 29 chapters, 67,086 words
[ 235/825] ✓ the-narrative-of-arthur-gordon-pym-of-nantucket — 28 chapters, 71,453 words
[ 236/825] ✓ the-house-without-a-key — 23 chapters, 83,517 words
[ 237/825] ✓ the-chinese-parrot — 22 chapters, 80,746 words
[ 238/825] ✓ behind-that-curtain — 22 chapters, 76,507 words
[ 239/825] ✓ the-great-impersonation — 30 chapters, 76,089 words
[ 240/825] ✓ wet-magic — 12 chapters, 49,532 words
[ 241/825] ✓ the-story-of-the-treasure-seekers — 16 chapters, 52,974 words
[ 242/825] ✓ the-story-of-the-amulet — 14 chapters, 69,235 words
[ 243/825] ✓ the-railway-children — 14 chapters, 59,851 words
[ 244/825] ✓ the-phoenix-and-the-carpet — 12 chapters, 62,028 words
[ 245/825] ✓ the-magic-city — 12 chapters, 59,016 words
[ 246/825] ✓ the-house-of-arden — 14 chapters, 72,950 words
[ 247/825] ✓ hardings-luck — 12 chapters, 69,084 words
[ 248/825] ✓ the-enchanted-castle — 12 chapters, 68,393 words
[ 249/825] ✓ five-children-and-it — 11 chapters, 53,231 words
[ 250/825] ✓ where-angels-fear-to-tread — 10 chapters, 50,059 words
[ 251/825] ✓ howards-end — 44 chapters, 109,744 words
[ 252/825] ✓ a-passage-to-india — 40 chapters, 101,217 words
[ 253/825] ✓ a-room-with-a-view — 22 chapters, 67,267 words
[ 254/825] ✓ ghost-stories — 30 chapters, 155,730 words
[ 255/825] ✓ unnatural-death — 28 chapters, 81,389 words
[ 256/825] ✓ whose-body — 14 chapters, 59,327 words
[ 257/825] ✓ the-unpleasantness-at-the-bellona-club — 25 chapters, 72,919 words
[ 258/825] ✓ lord-peter-views-the-body — 13 chapters, 83,819 words
[ 259/825] ✓ clouds-of-witness — 22 chapters, 83,639 words
[ 260/825] ✓ an-enquiry-concerning-human-understanding — 12 chapters, 48,108 words
[ 261/825] ✓ lady-into-fox — 2 chapters, 24,939 words
[ 262/825] ✓ the-dain-curse — 26 chapters, 68,790 words
[ 263/825] ✓ red-harvest — 27 chapters, 61,030 words
[ 264/825] ✓ the-life-and-adventures-of-robinson-crusoe — 20 chapters, 121,123 words
[ 265/825] ✓ a-journal-of-the-plague-year — 2 chapters, 94,628 words
[ 266/825] ✓ moll-flanders — 2 chapters, 138,163 words
[ 267/825] ✓ women-in-love — 31 chapters, 182,151 words
[ 268/825] ✓ the-rainbow — 16 chapters, 186,373 words
[ 269/825] ✓ the-lost-girl — 16 chapters, 137,045 words
[ 270/825] ✓ sons-and-lovers — 17 chapters, 161,328 words
[ 271/825] ✓ lady-chatterleys-lover — 19 chapters, 117,925 words
[ 272/825] ✓ tusculan-disputations — 6 chapters, 77,065 words
[ 273/825] ✓ the-haunted-bookshop — 15 chapters, 61,687 words
[ 274/825] ✓ parnassus-on-wheels — 16 chapters, 35,944 words
[ 275/825] ✓ the-jew-of-malta — 7 chapters, 20,124 words
[ 276/825] ✓ the-tragical-history-of-doctor-faustus — 19 chapters, 12,812 words
[ 277/825] ✓ edward-ii — 6 chapters, 23,565 words
[ 278/825] ✓ villette — 42 chapters, 196,097 words
[ 279/825] ✓ shirley — 37 chapters, 216,737 words
[ 280/825] ✓ jane-eyre — 40 chapters, 187,521 words
[ 281/825] ✓ the-conjure-woman — 13 chapters, 57,003 words
[ 282/825] ✓ the-marrow-of-tradition — 38 chapters, 89,752 words
[ 288/825] ✓ demons — 26 chapters, 255,775 words
[ 289/825] ✓ daniel-deronda — 79 chapters, 307,863 words
[ 290/825] ✓ trilby — 8 chapters, 100,886 words
[ 291/825] ✓ you-never-can-tell — 6 chapters, 36,314 words
[ 292/825] ✓ the-man-of-destiny — 3 chapters, 16,919 words
[ 293/825] ✓ the-doctors-dilemma — 9 chapters, 61,732 words
[ 294/825] ✓ short-plays — 16 chapters, 167,191 words
[ 295/825] ✓ pygmalion — 8 chapters, 34,250 words
[ 296/825] ✓ mrs-warrens-profession — 7 chapters, 35,640 words
[ 297/825] ✓ man-and-superman — 8 chapters, 74,821 words
[ 298/825] ✓ notes-from-underground — 23 chapters, 44,113 words
[ 299/825] ✓ major-barbara — 6 chapters, 48,405 words
[ 300/825] ✓ heartbreak-house — 6 chapters, 48,757 words
[ 301/825] ✓ candida — 5 chapters, 23,402 words
[ 302/825] ✓ fannys-first-play — 9 chapters, 26,912 words
[ 303/825] ✓ arms-and-the-man — 6 chapters, 26,314 words
[ 304/825] ✓ the-canterbury-tales — 25 chapters, 156,595 words
[ 305/825] ✓ the-phantom-of-the-opera — 28 chapters, 83,213 words
[ 306/825] ✓ the-mystery-of-the-yellow-room — 30 chapters, 74,118 words
[ 307/825] ✓ whats-wrong-with-the-world — 55 chapters, 59,537 words
[ 308/825] ✓ the-wisdom-of-father-brown — 12 chapters, 71,989 words
[ 309/825] ✓ the-secret-of-father-brown — 10 chapters, 63,105 words
[ 310/825] ✓ the-napoleon-of-notting-hill — 5 chapters, 54,844 words
[ 311/825] ✓ the-man-who-was-thursday — 15 chapters, 57,624 words
[ 312/825] ✓ the-innocence-of-father-brown — 12 chapters, 79,135 words
[ 313/825] ✓ the-incredulity-of-father-brown — 9 chapters, 71,342 words
[ 314/825] ✓ the-everlasting-man — 21 chapters, 107,006 words
[ 315/825] ✓ the-club-of-queer-trades — 7 chapters, 44,804 words
[ 316/825] ✓ orthodoxy — 10 chapters, 63,833 words
[ 317/825] ✓ heretics — 20 chapters, 64,157 words
[ 318/825] ✓ the-created-legend — 35 chapters, 71,491 words
[ 319/825] ✓ the-little-demon — 38 chapters, 98,825 words
[ 320/825] ✓ the-idiot — 54 chapters, 244,628 words
[ 321/825] ✓ the-gambler — 17 chapters, 61,104 words
[ 322/825] ✓ the-brothers-karamazov — 113 chapters, 351,159 words
[ 324/825] ✓ middlemarch — 96 chapters, 314,830 words
[ 325/825] ✓ the-voyages-of-doctor-dolittle — 67 chapters, 73,306 words
[ 326/825] ✓ ragged-dick — 29 chapters, 48,573 words
[ 327/825] ✓ the-castle-of-otranto — 7 chapters, 36,797 words
[ 328/825] ✓ lud-in-the-mist — 33 chapters, 90,404 words
[ 329/825] ✓ ursule-mirouet — 2 chapters, 84,704 words
[ 330/825] ✓ the-celibates — 6 chapters, 182,578 words
[ 331/825] ✓ silas-marner — 24 chapters, 71,450 words
[ 332/825] ✓ shorts-from-scenes-from-private-life — 21 chapters, 329,153 words
[ 333/825] ✓ modeste-mignon — 1 chapters, 93,897 words
[ 334/825] ✓ lost-illusions — 3 chapters, 247,672 words
[ 335/825] ✓ letters-of-two-brides — 59 chapters, 83,658 words
[ 336/825] ✓ father-goriot — 1 chapters, 103,453 words
[ 337/825] ✓ eugenie-grandet — 1 chapters, 76,085 words
[ 338/825] ✓ beatrix — 3 chapters, 119,594 words
[ 339/825] ✓ albert-savarus — 1 chapters, 41,597 words
[ 340/825] ✓ a-woman-of-thirty — 6 chapters, 70,626 words
[ 341/825] ✓ a-start-in-life — 1 chapters, 59,285 words
[ 342/825] ✓ a-marriage-settlement — 1 chapters, 50,301 words
[ 343/825] ✓ a-daughter-of-eve — 9 chapters, 45,076 words
[ 344/825] ✓ histories — 10 chapters, 288,038 words
[ 345/825] ✓ steppenwolf — 2 chapters, 74,750 words
[ 346/825] ✓ siddhartha — 14 chapters, 39,200 words
[ 347/825] ✓ typee — 38 chapters, 112,421 words
[ 348/825] ✓ the-mill-on-the-floss — 66 chapters, 207,621 words
[ 349/825] ✓ moby-dick — 138 chapters, 211,615 words
[ 350/825] ✓ with-fire-and-sword — 65 chapters, 302,535 words
[ 351/825] ✓ quo-vadis — 75 chapters, 209,257 words
[ 352/825] ✓ the-deluge — 101 chapters, 487,932 words
[ 353/825] ✓ washington-square — 35 chapters, 64,239 words
[ 354/825] ✓ pan-michael — 59 chapters, 204,192 words
[ 355/825] ✓ the-wings-of-the-dove — 48 chapters, 195,031 words
[ 356/825] ✓ the-turn-of-the-screw — 25 chapters, 42,965 words
[ 357/825] ✓ the-portrait-of-a-lady — 56 chapters, 232,102 words
[ 358/825] ✓ the-golden-bowl — 50 chapters, 208,156 words
[ 359/825] ✓ the-ambassadors — 49 chapters, 164,994 words
[ 360/825] ✓ walden — 18 chapters, 106,867 words
[ 361/825] ✓ essays — 29 chapters, 231,495 words
[ 362/825] ✓ the-history-of-tom-jones-a-foundling — 226 chapters, 342,280 words
[ 363/825] ✓ a-week-on-the-concord-and-merrimack-rivers — 8 chapters, 115,107 words
[ 364/825] ✓ a-dolls-house — 4 chapters, 26,974 words
[ 365/825] ✓ hedda-gabler — 6 chapters, 30,523 words
[ 366/825] ✓ ghosts — 5 chapters, 25,154 words
[ 367/825] ✓ the-story-of-my-life — 35 chapters, 133,266 words
[ 368/825] ✓ the-damnation-of-theron-ware — 37 chapters, 119,740 words
[ 369/825] ✓ uncle-toms-cabin — 47 chapters, 181,430 words
[ 370/825] ✓ when-the-world-shook — 29 chapters, 120,281 words
[ 371/825] ✓ she — 30 chapters, 110,761 words
[ 372/825] ✓ king-solomons-mines — 23 chapters, 82,292 words
[ 373/825] ✓ cleopatra — 39 chapters, 103,090 words
[ 374/825] ✓ allan-quatermain — 27 chapters, 106,057 words
[ 375/825] ✓ allan-quatermain-stories — 5 chapters, 30,841 words
[ 376/825] ✓ the-case-of-charles-dexter-ward — 6 chapters, 44,927 words
[ 377/825] ✓ at-the-mountains-of-madness — 13 chapters, 40,455 words
[ 378/825] ✓ the-world-set-free — 8 chapters, 65,783 words
[ 379/825] ✓ the-wonderful-visit — 54 chapters, 39,286 words
[ 380/825] ✓ tono-bungay — 19 chapters, 135,801 words
[ 381/825] ✓ the-time-machine — 13 chapters, 32,456 words
[ 382/825] ✓ the-war-of-the-worlds — 29 chapters, 60,178 words
[ 383/825] ✓ the-island-of-doctor-moreau — 23 chapters, 43,691 words
[ 384/825] ✓ the-invisible-man — 29 chapters, 49,013 words
[ 385/825] ✓ the-history-of-mr-polly — 11 chapters, 69,625 words
[ 386/825] ✓ the-food-of-the-gods — 16 chapters, 75,645 words
[ 387/825] ✓ the-first-men-in-the-moon — 27 chapters, 69,142 words
[ 388/825] ✓ kipps — 22 chapters, 111,159 words
[ 389/825] ✓ uller-uprising — 18 chapters, 52,950 words
[ 390/825] ✓ the-blue-lagoon — 58 chapters, 63,970 words
[ 391/825] ✓ the-cosmic-computer — 23 chapters, 64,429 words
[ 392/825] ✓ space-viking — 28 chapters, 66,605 words
[ 393/825] ✓ murder-in-the-gunroom — 22 chapters, 67,796 words
[ 394/825] ✓ little-fuzzy — 18 chapters, 59,737 words
[ 395/825] ✓ four-day-planet — 21 chapters, 57,909 words
[ 396/825] ✓ pierre-and-jean — 10 chapters, 50,834 words
[ 397/825] ✓ salammbo — 15 chapters, 105,778 words
[ 398/825] ✓ the-man-within — 14 chapters, 69,074 words
[ 399/825] ✓ madame-bovary — 38 chapters, 115,971 words
[ 400/825] ✓ three-lives — 6 chapters, 86,071 words
[ 401/825] ✓ the-decameron — 123 chapters, 286,940 words
[ 402/825] ✓ geronimos-story-of-his-life — 30 chapters, 32,796 words
[ 403/825] ✓ mauprat — 32 chapters, 123,936 words
[ 404/825] ✓ the-devils-pool — 19 chapters, 38,051 words
[ 405/825] ✓ unspoken-sermons — 40 chapters, 174,030 words
[ 406/825] ✓ the-princess-and-the-goblin — 33 chapters, 51,485 words
[ 407/825] ✓ phantastes — 26 chapters, 68,144 words
[ 408/825] ✓ lilith — 48 chapters, 94,652 words
[ 409/825] ✓ at-the-back-of-the-north-wind — 39 chapters, 89,299 words
[ 415/825] ✓ the-good-companions — 24 chapters, 253,675 words
[ 416/825] ✓ murder-in-the-maze — 18 chapters, 78,187 words
[ 417/825] ✓ fathers-and-children — 30 chapters, 75,149 words
[ 418/825] ✓ the-teeth-of-the-tiger — 21 chapters, 126,422 words
[ 419/825] ✓ my-brilliant-career — 41 chapters, 88,780 words
[ 420/825] ✓ don-quixote — 131 chapters, 420,222 words
[ 421/825] ✓ the-secret-tomb — 18 chapters, 72,174 words
[ 422/825] ✓ the-hollow-needle — 10 chapters, 65,893 words
[ 423/825] ✓ the-secret-of-sarek — 19 chapters, 91,743 words
[ 424/825] ✓ the-golden-triangle — 19 chapters, 88,617 words
[ 425/825] ✓ the-extraordinary-adventures-of-arsene-lupin-gentleman-burglar — 9 chapters, 54,205 words
[ 426/825] ✓ the-eight-strokes-of-the-clock — 9 chapters, 63,458 words
[ 427/825] ✓ the-confessions-of-arsene-lupin — 10 chapters, 66,565 words
[ 428/825] ✓ the-crystal-stopper — 13 chapters, 74,429 words
[ 429/825] ✓ memoirs-of-arsene-lupin — 16 chapters, 84,010 words
[ 430/825] ✓ 813 — 18 chapters, 109,955 words
[ 431/825] ✓ letters-written-during-a-short-residence-in-sweden-norway-and-denmark — 27 chapters, 50,525 words
[ 432/825] ✓ arsene-lupin-versus-herlock-sholmes — 8 chapters, 61,664 words
[ 433/825] ✓ a-vindication-of-the-rights-of-woman — 14 chapters, 81,448 words
[ 434/825] ✓ the-last-man — 34 chapters, 175,457 words
[ 435/825] ✓ the-circular-staircase — 34 chapters, 70,249 words
[ 436/825] ✓ the-land-of-little-rain — 15 chapters, 35,469 words
[ 437/825] ✓ wonderful-adventures-of-mrs-seacole-in-many-lands — 22 chapters, 58,853 words
[ 438/825] ✓ the-autobiography-of-mark-twain — 20 chapters, 193,129 words
[ 439/825] ✓ the-prince-and-the-pauper — 37 chapters, 69,421 words
[ 440/825] ✓ the-innocents-abroad — 64 chapters, 192,384 words
[ 441/825] ✓ the-adventures-of-tom-sawyer — 37 chapters, 71,011 words
[ 442/825] ✓ the-adventures-of-huckleberry-finn — 45 chapters, 111,478 words
[ 443/825] ✓ roughing-it — 84 chapters, 164,694 words
[ 444/825] ✓ puddnhead-wilson — 24 chapters, 51,330 words
[ 445/825] ✓ personal-recollections-of-joan-of-arc — 81 chapters, 151,508 words
[ 446/825] ✓ a-connecticut-yankee-in-king-arthurs-court — 48 chapters, 118,983 words
[ 447/825] ✓ castle-rackrent — 3 chapters, 27,185 words
[ 448/825] ✓ lais — 15 chapters, 48,522 words
[ 449/825] ✓ the-crime-at-black-dudley — 29 chapters, 68,357 words
[ 450/825] ✓ the-perpetual-curate — 49 chapters, 195,324 words
[ 451/825] ✓ the-rector-and-the-doctors-family — 25 chapters, 66,487 words
[ 452/825] ✓ phoebe-junior — 46 chapters, 156,817 words
[ 453/825] ✓ salem-chapel — 44 chapters, 166,235 words
[ 454/825] ✓ miss-marjoribanks — 53 chapters, 207,019 words
[ 455/825] ✓ hester — 46 chapters, 203,424 words
[ 456/825] ✓ a-country-gentleman-and-his-family — 53 chapters, 167,769 words
[ 457/825] ✓ the-blazing-world — 4 chapters, 40,224 words
[ 458/825] ✓ meditations — 12 chapters, 45,637 words
[ 459/825] ✓ in-search-of-lost-time — 34 chapters, 1,097,153 words
[ 460/825] ✓ the-story-of-my-experiments-with-truth — 175 chapters, 173,343 words
[ 461/825] ✓ the-monk — 14 chapters, 136,437 words
[ 462/825] ✓ the-cloven-foot — 46 chapters, 160,967 words
[ 463/825] ✓ aurora-floyd — 39 chapters, 183,928 words
[ 464/825] ✓ no-treason — 6 chapters, 27,965 words
[ 465/825] ✓ lady-audleys-secret — 41 chapters, 149,807 words
[ 466/825] ✓ six-characters-in-search-of-an-author — 5 chapters, 20,662 words
[ 467/825] ✓ orlando-furioso — 47 chapters, 300,586 words
[ 468/825] ✓ tractatus-logico-philosophicus — 3 chapters, 27,630 words
[ 469/825] ✓ don-juan — 19 chapters, 131,036 words
[ 470/825] ✓ little-women — 49 chapters, 186,767 words
[ 471/825] ✓ behind-a-mask — 10 chapters, 41,277 words
[ 472/825] ✓ the-informer — 19 chapters, 71,798 words
[ 473/825] ✓ through-the-looking-glass — 15 chapters, 29,834 words
[ 474/825] ✓ incidents-in-the-life-of-a-slave-girl — 44 chapters, 82,966 words
[ 475/825] ✓ sylvie-and-bruno — 54 chapters, 136,362 words
[ 476/825] ✓ alices-adventures-in-wonderland — 13 chapters, 26,716 words
[ 477/825] ✓ a-tangled-tale — 12 chapters, 27,563 words
[ 478/825] ✓ ben-hur — 89 chapters, 198,884 words
[ 479/825] ✓ the-life-and-opinions-of-tristram-shandy-gentleman — 328 chapters, 207,189 words
[ 480/825] ✓ tao-te-ching — 6 chapters, 25,576 words
[ 481/825] ✓ the-mule-bone — 5 chapters, 18,928 words
[ 482/825] ✓ the-unicorn-from-the-stars — 4 chapters, 15,383 words
[ 483/825] ✓ the-blue-castle — 45 chapters, 69,492 words
[ 484/825] ✓ anne-of-green-gables — 38 chapters, 102,954 words
[ 485/825] ✓ emily-of-new-moon — 31 chapters, 114,652 words
[ 486/825] ✓ anne-of-the-island — 41 chapters, 77,057 words
[ 487/825] ✓ the-marvelous-land-of-oz — 25 chapters, 41,592 words
[ 488/825] ✓ anne-of-avonlea — 30 chapters, 89,494 words
[ 489/825] ✓ the-wonderful-wizard-of-oz — 25 chapters, 39,466 words
[ 490/825] ✓ dorothy-and-the-wizard-in-oz — 21 chapters, 41,942 words
[ 491/825] ✓ ozma-of-oz — 22 chapters, 38,421 words
[ 492/825] ✓ the-prophet — 27 chapters, 12,104 words
[ 493/825] ✓ the-forerunner — 25 chapters, 6,887 words
[ 494/825] ✓ the-wind-in-the-willows — 12 chapters, 58,893 words
[ 495/825] ✓ the-madman — 35 chapters, 7,072 words
[ 496/825] ✓ the-awakening — 39 chapters, 49,958 words
[ 497/825] ✓ the-communist-manifesto — 6 chapters, 13,200 words
[ 498/825] ✓ topsy-turvy — 22 chapters, 42,415 words
[ 499/825] ✓ ticket-no-9672 — 21 chapters, 49,479 words
[ 500/825] ✓ commentaries-on-the-gallic-war — 7 chapters, 75,010 words
[ 501/825] ✓ the-mysterious-island — 67 chapters, 160,748 words
[ 502/825] ✓ the-special-correspondent — 28 chapters, 72,594 words
[ 503/825] ✓ the-survivors-of-the-chancellor — 58 chapters, 53,170 words
[ 504/825] ✓ the-child-of-the-cavern — 20 chapters, 44,147 words
[ 505/825] ✓ the-fur-country — 50 chapters, 125,018 words
[ 506/825] ✓ the-giant-raft — 43 chapters, 96,174 words
[ 507/825] ✓ the-adventures-of-captain-hatteras — 62 chapters, 128,987 words
[ 508/825] ✓ michael-strogoff — 35 chapters, 99,743 words
[ 509/825] ✓ round-the-moon — 25 chapters, 55,569 words
[ 510/825] ✓ journey-to-the-center-of-the-earth — 45 chapters, 72,412 words
[ 511/825] ✓ in-search-of-the-castaways — 62 chapters, 135,349 words
[ 512/825] ✓ from-the-earth-to-the-moon — 29 chapters, 51,273 words
[ 513/825] ✓ five-weeks-in-a-balloon — 45 chapters, 89,649 words
[ 514/825] ✓ facing-the-flag — 19 chapters, 57,153 words
[ 515/825] ✓ dick-sands-the-boy-captain — 41 chapters, 101,757 words
[ 516/825] ✓ around-the-world-in-eighty-days — 37 chapters, 62,476 words
[ 517/825] ✓ an-antarctic-mystery — 27 chapters, 80,131 words
[ 518/825] ✓ the-man-in-the-queue — 18 chapters, 80,501 words
[ 519/825] ✓ victory — 45 chapters, 118,477 words
[ 520/825] ✓ under-western-eyes — 22 chapters, 114,572 words
[ 521/825] ✓ the-secret-agent — 14 chapters, 93,284 words
[ 522/825] ✓ the-mirror-of-the-sea — 65 chapters, 61,718 words
[ 523/825] ✓ nostromo — 33 chapters, 171,444 words
[ 524/825] ✓ lord-jim — 46 chapters, 130,861 words
[ 525/825] ✓ a-personal-record — 9 chapters, 48,142 words
[ 526/825] ✓ heart-of-darkness — 3 chapters, 38,626 words
[ 527/825] ✓ noli-me-tangere — 67 chapters, 169,090 words
[ 528/825] ✓ el-filibusterismo — 42 chapters, 113,237 words
[ 529/825] ✓ gullivers-travels — 45 chapters, 102,768 words
[ 530/825] ✓ the-mark-of-zorro — 39 chapters, 68,067 words
[ 531/825] ✓ islands-of-space — 25 chapters, 62,466 words
[ 532/825] ✓ the-duchess-of-malfi — 6 chapters, 25,619 words
[ 533/825] ✓ the-black-star-passes — 26 chapters, 75,985 words
[ 534/825] ✓ the-subjection-of-women — 4 chapters, 43,707 words
[ 535/825] ✓ the-autobiography-of-john-stuart-mill — 7 chapters, 74,162 words
[ 536/825] ✓ invaders-from-the-infinite — 27 chapters, 65,348 words
[ 537/825] ✓ cup-of-gold — 5 chapters, 69,401 words
[ 538/825] ✓ on-liberty — 6 chapters, 50,691 words
[ 539/825] ✓ unto-this-last — 5 chapters, 27,073 words
[ 540/825] ✓ ten-days-that-shook-the-world — 27 chapters, 120,742 words
[ 541/825] ✓ paradise-lost — 12 chapters, 82,254 words
[ 542/825] ✓ my-first-summer-in-the-sierra — 12 chapters, 57,482 words
[ 543/825] ✓ the-economic-consequences-of-the-peace — 8 chapters, 59,704 words
[ 544/825] ✓ two-treatises-of-government — 33 chapters, 101,864 words
[ 545/825] ✓ some-thoughts-concerning-education — 1 chapters, 76,997 words
[ 546/825] ✓ verses-on-various-occasions — 2 chapters, 31,243 words
[ 547/825] ✓ the-forsyte-saga — 129 chapters, 320,542 words
[ 548/825] ✓ manhattan-transfer — 21 chapters, 127,575 words
[ 549/825] ✓ the-pilgrims-progress — 5 chapters, 109,866 words
[ 550/825] ✓ the-three-hostages — 21 chapters, 113,855 words
[ 551/825] ✓ the-thirty-nine-steps — 10 chapters, 40,934 words
[ 552/825] ✓ the-courts-of-the-morning — 41 chapters, 140,843 words
[ 553/825] ✓ mr-standfast — 25 chapters, 128,741 words
[ 554/825] ✓ midwinter — 21 chapters, 88,867 words
[ 555/825] ✓ huntingtower — 18 chapters, 79,315 words
[ 556/825] ✓ greenmantle — 22 chapters, 98,677 words
[ 557/825] ✓ cornelli — 10 chapters, 49,552 words
[ 558/825] ✓ heidi — 25 chapters, 50,193 words
[ 559/825] ✓ cane — 34 chapters, 42,877 words
[ 560/825] ✓ the-social-contract — 54 chapters, 56,586 words
[ 561/825] ✓ sense-and-sensibility — 50 chapters, 119,418 words
[ 562/825] ✓ persuasion — 24 chapters, 83,391 words
[ 563/825] ✓ northanger-abbey — 32 chapters, 77,556 words
[ 564/825] ✓ mansfield-park — 48 chapters, 160,069 words
[ 565/825] ✓ emma — 55 chapters, 160,154 words
[ 566/825] ✓ the-autobiography-of-an-ex-colored-man — 13 chapters, 52,531 words
[ 567/825] ✓ ulysses — 21 chapters, 265,796 words
[ 568/825] ✓ exiles — 4 chapters, 26,525 words
[ 569/825] ✓ dubliners — 15 chapters, 67,854 words
[ 570/825] ✓ a-portrait-of-the-artist-as-a-young-man — 5 chapters, 84,946 words
[ 571/825] ✓ the-private-memoirs-and-confessions-of-a-justified-sinner — 5 chapters, 84,560 words
[ 572/825] ✓ the-last-of-the-mohicans — 34 chapters, 146,232 words
[ 573/825] ✓ how-the-other-half-lives — 29 chapters, 79,461 words
[ 574/825] ✓ household-tales — 202 chapters, 282,975 words
[ 575/825] ✓ white-fang — 30 chapters, 72,115 words
[ 576/825] ✓ when-god-laughs — 12 chapters, 51,072 words
[ 577/825] ✓ the-sea-wolf — 39 chapters, 106,308 words
[ 578/825] ✓ the-son-of-the-wolf — 9 chapters, 48,923 words
[ 579/825] ✓ the-iron-heel — 26 chapters, 77,236 words
[ 580/825] ✓ the-call-of-the-wild — 7 chapters, 31,785 words
[ 581/825] ✓ martin-eden — 46 chapters, 139,556 words
[ 582/825] ✓ lost-face — 7 chapters, 41,109 words
[ 583/825] ✓ before-adam — 19 chapters, 39,060 words
[ 584/825] ✓ the-sorrows-of-young-werther — 4 chapters, 42,611 words
[ 585/825] ✓ uncle-silas — 69 chapters, 165,433 words
[ 586/825] ✓ the-wyvern-mystery — 65 chapters, 127,100 words
[ 587/825] ✓ in-a-glass-darkly — 5 chapters, 113,541 words
[ 588/825] ✓ the-little-white-bird — 26 chapters, 66,291 words
[ 589/825] ✓ nordenholts-million — 20 chapters, 96,617 words
[ 590/825] ✓ peter-and-wendy — 17 chapters, 47,210 words
[ 591/825] ✓ mystery-at-lynden-sands — 17 chapters, 84,651 words
[ 592/825] ✓ war-and-peace — 387 chapters, 566,055 words
[ 593/825] ✓ hadji-murad — 26 chapters, 48,621 words
[ 598/825] ✓ the-blithedale-romance — 30 chapters, 77,028 words
[ 599/825] ✓ the-humbugs-of-the-world — 61 chapters, 109,098 words
[ 600/825] ✓ the-art-of-money-getting — 2 chapters, 13,573 words
[ 601/825] ✓ struggles-and-triumphs — 51 chapters, 239,872 words
[ 602/825] ✓ the-virginian — 37 chapters, 129,979 words
[ 603/825] ✓ metamorphoses — 15 chapters, 123,899 words
[ 604/825] ✓ the-picture-of-dorian-gray — 21 chapters, 79,165 words
[ 605/825] ✓ the-house-of-the-seven-gables — 22 chapters, 104,139 words
[ 606/825] ✓ the-importance-of-being-earnest — 5 chapters, 20,643 words
[ 607/825] ✓ lord-arthur-saviles-crime-and-other-stories — 6 chapters, 41,106 words
[ 608/825] ✓ childrens-stories — 10 chapters, 50,897 words
[ 609/825] ✓ lady-windermeres-fan — 7 chapters, 21,653 words
[ 610/825] ✓ a-woman-of-no-importance — 5 chapters, 22,392 words
[ 611/825] ✓ an-ideal-husband — 6 chapters, 32,466 words
[ 612/825] ✓ the-rubaiyat-of-omar-khayyam — 3 chapters, 7,397 words
[ 613/825] ✓ laughing-boy — 23 chapters, 65,027 words
[ 614/825] ✓ the-vicar-of-wakefield — 33 chapters, 62,626 words
[ 615/825] ✓ she-stoops-to-conquer — 9 chapters, 23,421 words
[ 616/825] ✓ the-interesting-narrative-of-the-life-of-olaudah-equiano — 13 chapters, 78,705 words
[ 617/825] ✓ the-book-of-tea — 8 chapters, 20,219 words
[ 618/825] ✓ the-vortex — 4 chapters, 16,346 words
[ 619/825] ✓ dead-souls — 19 chapters, 141,930 words
[ 620/825] ✓ the-prince — 28 chapters, 34,628 words
[ 621/825] ✓ discourses-on-livy — 147 chapters, 134,335 words
[ 622/825] ✓ kusamakura — 15 chapters, 40,964 words
[ 623/825] ✓ quicksand — 25 chapters, 46,324 words
[ 624/825] ✓ the-scarlet-letter — 26 chapters, 83,925 words
[ 628/825] ✓ memoirs-of-a-revolutionist — 73 chapters, 156,943 words
[ 629/825] ✓ mutual-aid — 12 chapters, 88,932 words
[ 630/825] ✓ the-conquest-of-bread — 19 chapters, 73,236 words
[ 631/825] ✓ armageddon-2419-a-d — 14 chapters, 27,671 words
[ 632/825] ✓ main-street — 40 chapters, 167,828 words
[ 633/825] ✓ elmer-gantry — 34 chapters, 153,717 words
[ 634/825] ✓ dodsworth — 36 chapters, 137,826 words
[ 635/825] ✓ babbitt — 34 chapters, 123,693 words
[ 636/825] ✓ arrowsmith — 41 chapters, 164,233 words
[ 637/825] ✓ the-airlords-of-han — 17 chapters, 30,524 words
[ 638/825] ✓ memoirs-of-a-foxhunting-man — 12 chapters, 100,792 words
[ 639/825] ✓ dialogues — 12 chapters, 225,355 words
[ 640/825] ✓ the-diary — 117 chapters, 1,203,938 words
[ 641/825] ✓ clarissa — 541 chapters, 936,799 words
[ 642/825] ✓ the-history-of-rasselas-prince-of-abyssinia — 50 chapters, 37,916 words
[ 643/825] ✓ the-way-of-all-flesh — 87 chapters, 162,875 words
[ 644/825] ✓ erewhon — 32 chapters, 83,997 words
[ 645/825] ✓ erewhon-revisited — 29 chapters, 85,109 words
[ 646/825] ✓ doctor-syn — 40 chapters, 68,477 words
[ 647/825] ✓ the-jungle-book — 7 chapters, 50,437 words
[ 648/825] ✓ kim — 15 chapters, 105,455 words
[ 649/825] ✓ just-so-stories — 12 chapters, 29,001 words
[ 650/825] ✓ the-king-in-yellow — 10 chapters, 71,637 words
[ 651/825] ✓ treasure-island — 40 chapters, 68,115 words
[ 652/825] ✓ the-strange-case-of-dr-jekyll-and-mr-hyde — 10 chapters, 25,565 words
[ 653/825] ✓ the-master-of-ballantrae — 13 chapters, 86,877 words
[ 654/825] ✓ the-black-arrow — 38 chapters, 79,425 words
[ 655/825] ✓ prince-otto — 26 chapters, 61,818 words
[ 656/825] ✓ kidnapped — 31 chapters, 80,178 words
[ 657/825] ✓ catriona — 33 chapters, 100,749 words
[ 658/825] ✓ north-of-boston — 1 chapters, 17,101 words
[ 659/825] ✓ new-hampshire — 1 chapters, 19,454 words
[ 660/825] ✓ the-school-for-scandal — 10 chapters, 35,034 words
[ 661/825] ✓ the-beetle — 53 chapters, 114,225 words
[ 662/825] ✓ representative-men — 7 chapters, 58,146 words
[ 663/825] ✓ captain-blood — 31 chapters, 113,829 words
[ 664/825] ✓ scaramouche — 41 chapters, 130,346 words
[ 665/825] ✓ the-sea-hawk — 37 chapters, 120,032 words
[ 666/825] ✓ bellarion-the-fortunate — 50 chapters, 141,224 words
[ 667/825] ✓ the-well-of-loneliness — 63 chapters, 165,604 words
[ 668/825] ✓ my-reminiscences — 54 chapters, 58,315 words
[ 669/825] ✓ the-maid-of-sker — 68 chapters, 212,724 words
[ 670/825] ✓ gitanjali — 3 chapters, 14,920 words
[ 671/825] ✓ lorna-doone — 75 chapters, 272,055 words
[ 672/825] ✓ dangerous-liaisons — 178 chapters, 136,244 words
[ 673/825] ✓ gladiator — 23 chapters, 75,145 words
[ 678/825] ✓ twelve-years-a-slave — 24 chapters, 78,860 words
[ 679/825] ✓ the-red-badge-of-courage — 24 chapters, 46,199 words
[ 680/825] ✓ the-charterhouse-of-parma — 30 chapters, 201,297 words
[ 681/825] ✓ the-trachiniae — 3 chapters, 10,422 words
[ 682/825] ✓ philoctetes — 3 chapters, 12,424 words
[ 683/825] ✓ oedipus-rex — 3 chapters, 12,873 words
[ 684/825] ✓ oedipus-at-colonus — 3 chapters, 14,094 words
[ 685/825] ✓ antigone — 3 chapters, 10,299 words
[ 686/825] ✓ electra — 3 chapters, 12,219 words
[ 687/825] ✓ the-lives-of-the-caesars — 8 chapters, 125,329 words
[ 688/825] ✓ seven-pillars-of-wisdom — 141 chapters, 251,614 words
[ 689/825] ✓ lolly-willowes — 4 chapters, 52,241 words
[ 690/825] ✓ the-art-of-war — 19 chapters, 23,451 words
[ 691/825] ✓ charlotte-temple — 38 chapters, 36,519 words
[ 694/825] ✓ an-autobiography — 27 chapters, 213,866 words
[ 695/825] ✓ the-rough-riders — 13 chapters, 67,254 words
[ 696/825] ✓ through-the-brazilian-wilderness — 17 chapters, 112,475 words
[ 697/825] ✓ the-imitation-of-christ — 119 chapters, 61,332 words
[ 698/825] ✓ riders-of-the-purple-sage — 23 chapters, 105,279 words
[ 699/825] ✓ betty-zane — 19 chapters, 101,638 words
[ 700/825] ✓ we — 41 chapters, 64,659 words
[ 701/825] ✓ savrola — 23 chapters, 57,332 words
[ 702/825] ✓ the-country-wife — 10 chapters, 35,562 words
[ 703/825] ✓ a-pair-of-blue-eyes — 42 chapters, 131,028 words
[ 704/825] ✓ lyrical-ballads — 4 chapters, 54,687 words
[ 705/825] ✓ clotel — 32 chapters, 70,834 words
[ 706/825] ✓ twelfth-night — 6 chapters, 21,319 words
[ 707/825] ✓ troilus-and-cressida — 8 chapters, 29,618 words
[ 708/825] ✓ titus-andronicus — 7 chapters, 23,347 words
[ 709/825] ✓ timon-of-athens — 6 chapters, 19,807 words
[ 710/825] ✓ the-winters-tale — 6 chapters, 26,029 words
[ 711/825] ✓ the-two-gentlemen-of-verona — 6 chapters, 18,307 words
[ 712/825] ✓ the-taming-of-the-shrew — 7 chapters, 22,290 words
[ 713/825] ✓ the-tempest — 7 chapters, 17,568 words
[ 714/825] ✓ the-merry-wives-of-windsor — 7 chapters, 26,823 words
[ 715/825] ✓ the-merchant-of-venice — 6 chapters, 22,330 words
[ 716/825] ✓ the-comedy-of-errors — 7 chapters, 16,817 words
[ 717/825] ✓ romeo-and-juliet — 7 chapters, 25,958 words
[ 718/825] ✓ richard-iii — 6 chapters, 31,343 words
[ 719/825] ✓ richard-ii — 7 chapters, 23,816 words
[ 720/825] ✓ pericles — 6 chapters, 19,699 words
[ 721/825] ✓ othello — 6 chapters, 27,982 words
[ 722/825] ✓ much-ado-about-nothing — 6 chapters, 22,633 words
[ 723/825] ✓ macbeth — 6 chapters, 18,375 words
[ 724/825] ✓ measure-for-measure — 6 chapters, 23,058 words
[ 725/825] ✓ loves-labours-lost — 7 chapters, 24,268 words
[ 726/825] ✓ king-lear — 6 chapters, 27,915 words
[ 727/825] ✓ king-john — 7 chapters, 23,215 words
[ 728/825] ✓ julius-caesar — 6 chapters, 21,042 words
[ 729/825] ✓ henry-viii — 9 chapters, 26,462 words
[ 730/825] ✓ the-two-noble-kinsmen — 8 chapters, 25,678 words
[ 731/825] ✓ henry-vi-part-iii — 7 chapters, 26,326 words
[ 732/825] ✓ henry-vi-part-i — 7 chapters, 23,197 words
[ 733/825] ✓ henry-vi-part-ii — 7 chapters, 27,247 words
[ 734/825] ✓ henry-v — 8 chapters, 27,525 words
[ 735/825] ✓ far-from-the-madding-crowd — 58 chapters, 138,133 words
[ 736/825] ✓ henry-iv-part-ii — 9 chapters, 27,999 words
[ 737/825] ✓ hamlet — 6 chapters, 32,127 words
[ 738/825] ✓ edward-iii — 7 chapters, 21,587 words
[ 739/825] ✓ henry-iv-part-i — 7 chapters, 26,230 words
[ 740/825] ✓ cymbeline — 7 chapters, 29,404 words
[ 741/825] ✓ coriolanus — 7 chapters, 29,815 words
[ 742/825] ✓ as-you-like-it — 7 chapters, 23,013 words
[ 743/825] ✓ antony-and-cleopatra — 6 chapters, 26,771 words
[ 744/825] ✓ a-midsummer-nights-dream — 6 chapters, 17,311 words
[ 745/825] ✓ alls-well-that-ends-well — 7 chapters, 24,450 words
[ 746/825] ✓ the-wood-beyond-the-world — 37 chapters, 51,331 words
[ 747/825] ✓ the-well-at-the-worlds-end — 124 chapters, 225,931 words
[ 748/825] ✓ the-water-of-the-wondrous-isles — 117 chapters, 148,972 words
[ 749/825] ✓ news-from-nowhere — 33 chapters, 79,650 words
[ 750/825] ✓ the-house-of-the-wolfings — 32 chapters, 86,356 words
[ 751/825] ✓ vanity-fair — 68 chapters, 304,162 words
[ 752/825] ✓ the-luck-of-barry-lyndon — 20 chapters, 127,120 words
[ 753/825] ✓ the-history-of-henry-esmond — 46 chapters, 188,436 words
[ 754/825] ✓ pragmatism — 9 chapters, 51,249 words
[ 755/825] ✓ the-sound-and-the-fury — 4 chapters, 96,686 words
[ 756/825] ✓ soldiers-pay — 9 chapters, 89,748 words
[ 757/825] ✓ running-a-thousand-miles-for-freedom — 3 chapters, 25,026 words
[ 758/825] ✓ the-life-of-buffalo-bill — 33 chapters, 98,765 words
[ 759/825] ✓ the-way-of-the-world — 10 chapters, 29,833 words
[ 760/825] ✓ vathek — 2 chapters, 36,076 words
[ 761/825] ✓ the-song-of-the-lark — 68 chapters, 151,706 words
[ 762/825] ✓ one-of-ours — 77 chapters, 126,124 words
[ 763/825] ✓ o-pioneers — 35 chapters, 55,649 words
[ 764/825] ✓ my-antonia — 51 chapters, 81,562 words
[ 765/825] ✓ death-comes-for-the-archbishop — 10 chapters, 69,887 words
[ 766/825] ✓ the-moonstone — 56 chapters, 196,438 words
[ 767/825] ✓ the-woman-in-white — 62 chapters, 247,733 words
[ 768/825] ✓ the-dead-secret — 35 chapters, 140,452 words
[ 769/825] ✓ no-name — 57 chapters, 264,501 words
[ 770/825] ✓ man-and-wife — 78 chapters, 228,695 words
[ 771/825] ✓ the-sketchbook-of-geoffrey-crayon-gent — 36 chapters, 124,188 words
[ 772/825] ✓ tombstone — 23 chapters, 109,633 words
[ 773/825] ✓ marius-the-epicurean — 32 chapters, 107,494 words
[ 774/825] ✓ leaves-of-grass — 37 chapters, 130,284 words
[ 775/825] ✓ the-moon-and-sixpence — 58 chapters, 74,774 words
[ 776/825] ✓ the-magician — 16 chapters, 71,687 words
[ 777/825] ✓ on-a-chinese-screen — 58 chapters, 50,994 words
[ 778/825] ✓ ashenden — 17 chapters, 87,597 words
[ 779/825] ✓ of-human-bondage — 122 chapters, 259,746 words
[ 780/825] ✓ the-souls-of-black-folk — 16 chapters, 68,247 words
[ 781/825] ✓ darkwater — 12 chapters, 67,720 words
[ 782/825] ✓ to-the-lighthouse — 45 chapters, 69,773 words
[ 783/825] ✓ candide — 31 chapters, 33,728 words
[ 784/825] ✓ the-voyage-out — 28 chapters, 138,753 words
[ 785/825] ✓ orlando — 8 chapters, 79,518 words
[ 786/825] ✓ night-and-day — 34 chapters, 166,981 words
[ 787/825] ✓ mrs-dalloway — 1 chapters, 63,910 words
[ 788/825] ✓ the-georgics — 4 chapters, 24,442 words
[ 789/825] ✓ jacobs-room — 14 chapters, 55,120 words
[ 790/825] ✓ the-eclogues — 10 chapters, 9,686 words
[ 791/825] ✓ the-aeneid — 12 chapters, 106,466 words
[ 792/825] ✓ toilers-of-the-sea — 117 chapters, 144,998 words
[ 793/825] ✓ notre-dame-de-paris — 72 chapters, 184,026 words
[ 794/825] ✓ the-jungle — 31 chapters, 149,995 words
[ 795/825] ✓ les-miserables — 419 chapters, 560,750 words
[ 796/825] ✓ oil — 22 chapters, 219,838 words
[ 797/825] ✓ king-coal — 125 chapters, 123,472 words
[ 798/825] ✓ history-of-the-peloponnesian-war — 35 chapters, 204,266 words
[ 799/825] ✓ personal-memoirs-of-ulysses-s-grant — 74 chapters, 269,841 words
[ 800/825] ✓ green-meadow-stories — 4 chapters, 84,647 words
[ 801/825] ✓ green-forest-stories — 4 chapters, 82,536 words
[ 802/825] ✓ look-homeward-angel — 44 chapters, 217,972 words
[ 803/825] ✓ the-american-crisis — 17 chapters, 75,978 words
[ 804/825] ✓ the-rights-of-man — 19 chapters, 85,861 words
[ 805/825] ✓ the-age-of-reason — 31 chapters, 89,311 words
[ 806/825] ✓ buddenbrooks — 109 chapters, 232,645 words
[ 807/825] ✓ nightmare-abbey — 15 chapters, 26,294 words
[ 808/825] ✓ le-morte-darthur — 528 chapters, 338,390 words
[ 809/825] ✓ tom-browns-school-days — 21 chapters, 105,052 words
[ 810/825] ✓ leviathan — 53 chapters, 207,387 words
[ 811/825] ✓ the-woodlanders — 49 chapters, 136,416 words
[ 812/825] ✓ the-mayor-of-casterbridge — 45 chapters, 116,421 words
[ 813/825] ✓ tess-of-the-durbervilles — 67 chapters, 150,051 words
[ 814/825] ✓ jude-the-obscure — 60 chapters, 147,006 words
[ 819/825] ✓ a-confession — 17 chapters, 25,972 words
[ 820/825] ✓ anna-karenina — 247 chapters, 351,490 words
[ 821/825] ✓ what-is-art — 23 chapters, 77,364 words
[ 822/825] ✓ the-power-of-darkness — 6 chapters, 27,796 words
[ 823/825] ✓ resurrection — 133 chapters, 173,161 words
[ 824/825] ✓ the-kingdom-of-god-is-within-you — 13 chapters, 122,644 words

──────────────────────────────────────────────────
✓ Books processed:   785
↩ Skipped (cached):  40
✗ Failed:            0
  Content written to: public/content/
  Covers written to:  public/covers/
  Metadata written to: src/data/generated/books-from-calibre.ts
